<?xml version="1.0" encoding="UTF-8"?>
<testsuite xmlns:xsi="http://www.w3.org/2001/XMLSchema-instance" xsi:noNamespaceSchemaLocation="https://maven.apache.org/surefire/maven-surefire-plugin/xsd/surefire-test-report-3.0.xsd" version="3.0" name="TestDBConnection" time="0.275" tests="2" errors="0" skipped="0" failures="0">
  <properties>
[...]
</properties>
  <testcase name="testConnectionSingleton" classname="TestDBConnection" time="0.21">
    <system-out><![CDATA[Connected !
]]></system-out>
  </testcase>
  <testcase name="testInitConnection" classname="TestDBConnection" time="0"/>
</testsuite>